<?xml version="1.0" encoding="UTF-8"?>
<testng-results ignored="0" total="1" passed="1" failed="0" skipped="0">
  <reporter-output>
  </reporter-output>
  <suite started-at="2023-10-16T12:05:49 EET" name="Default suite" finished-at="2023-10-16T12:06:45 EET" duration-ms="55714">
    <groups>
    </groups>
    <test started-at="2023-10-16T12:05:49 EET" name="Default test" finished-at="2023-10-16T12:06:45 EET" duration-ms="55714">
      <class name="MyPackage.MyFirstClass">
        <test-method is-config="true" signature="TheSetUp()[pri:0, instance:MyPackage.MyFirstClass@436813f3]" started-at="2023-10-16T12:05:49 EET" name="TheSetUp" finished-at="2023-10-16T12:05:49 EET" duration-ms="41" status="PASS">
          <reporter-output>
          </reporter-output>
        </test-method> <!-- TheSetUp -->
        <test-method signature="testOneApp()[pri:0, instance:MyPackage.MyFirstClass@436813f3]" started-at="2023-10-16T12:05:49 EET" name="testOneApp" finished-at="2023-10-16T12:06:45 EET" duration-ms="55567" status="PASS">
          <reporter-output>
          </reporter-output>
        </test-method> <!-- testOneApp -->
        <test-method is-config="true" signature="PostTesting()[pri:0, instance:MyPackage.MyFirstClass@436813f3]" started-at="2023-10-16T12:06:45 EET" name="PostTesting" finished-at="2023-10-16T12:06:45 EET" duration-ms="0" status="PASS">
          <reporter-output>
          </reporter-output>
        </test-method> <!-- PostTesting -->
      </class> <!-- MyPackage.MyFirstClass -->
    </test> <!-- Default test -->
  </suite> <!-- Default suite -->
</testng-results>
